[debug] [2022-02-15T02:15:01.044Z] ----------------------------------------------------------------------
[debug] [2022-02-15T02:15:01.047Z] Command:       C:\nodejs\node.exe C:\Users\Zhi Kai\AppData\Roaming\npm\node_modules\firebase-tools\lib\bin\firebase.js deploy
[debug] [2022-02-15T02:15:01.047Z] CLI Version:   10.2.0
[debug] [2022-02-15T02:15:01.047Z] Platform:      win32
[debug] [2022-02-15T02:15:01.047Z] Node Version:  v12.18.0
[debug] [2022-02-15T02:15:01.048Z] Time:          Tue Feb 15 2022 10:15:01 GMT+0800 (Singapore Standard Time)
[debug] [2022-02-15T02:15:01.048Z] ----------------------------------------------------------------------
[debug] 
[debug] [2022-02-15T02:15:01.121Z] > command requires scopes: ["email","openid","https://www.googleapis.com/auth/cloudplatformprojects.readonly","https://www.googleapis.com/auth/firebase","https://www.googleapis.com/auth/cloud-platform"]
[debug] [2022-02-15T02:15:01.121Z] > authorizing via signed-in user (residentappv2@gmail.com)
[debug] [2022-02-15T02:15:01.121Z] [iam] checking project residentappv2-affc6 for permissions ["cloudfunctions.functions.create","cloudfunctions.functions.delete","cloudfunctions.functions.get","cloudfunctions.functions.list","cloudfunctions.functions.update","cloudfunctions.operations.get","firebase.projects.get","firebasehosting.sites.update"]
[debug] [2022-02-15T02:15:01.124Z] > refreshing access token with scopes: []
[debug] [2022-02-15T02:15:01.124Z] >>> HTTP REQUEST POST https://www.googleapis.com/oauth2/v3/token  
 <request body omitted>
[debug] [2022-02-15T02:15:01.216Z] <<< HTTP RESPONSE 200 {"cache-control":"no-cache, no-store, max-age=0, must-revalidate","pragma":"no-cache","date":"Tue, 15 Feb 2022 02:15:02 GMT","expires":"Mon, 01 Jan 1990 00:00:00 GMT","content-type":"application/json; charset=utf-8","vary":"X-Origin, Referer, Origin,Accept-Encoding","server":"scaffolding on HTTPServer2","x-xss-protection":"0","x-frame-options":"SAMEORIGIN","x-content-type-options":"nosniff","alt-svc":"h3=\":443\"; ma=2592000,h3-29=\":443\"; ma=2592000,h3-Q050=\":443\"; ma=2592000,h3-Q046=\":443\"; ma=2592000,h3-Q043=\":443\"; ma=2592000,quic=\":443\"; ma=2592000; v=\"46,43\"","accept-ranges":"none","transfer-encoding":"chunked"}
[debug] [2022-02-15T02:15:01.235Z] >>> [apiv2][query] POST https://cloudresourcemanager.googleapis.com/v1/projects/residentappv2-affc6:testIamPermissions [none]
[debug] [2022-02-15T02:15:01.235Z] >>> [apiv2][body] POST https://cloudresourcemanager.googleapis.com/v1/projects/residentappv2-affc6:testIamPermissions {"permissions":["cloudfunctions.functions.create","cloudfunctions.functions.delete","cloudfunctions.functions.get","cloudfunctions.functions.list","cloudfunctions.functions.update","cloudfunctions.operations.get","firebase.projects.get","firebasehosting.sites.update"]}
[debug] [2022-02-15T02:15:02.243Z] <<< [apiv2][status] POST https://cloudresourcemanager.googleapis.com/v1/projects/residentappv2-affc6:testIamPermissions 200
[debug] [2022-02-15T02:15:02.244Z] <<< [apiv2][body] POST https://cloudresourcemanager.googleapis.com/v1/projects/residentappv2-affc6:testIamPermissions {"permissions":["cloudfunctions.functions.create","cloudfunctions.functions.delete","cloudfunctions.functions.get","cloudfunctions.functions.list","cloudfunctions.functions.update","cloudfunctions.operations.get","firebase.projects.get","firebasehosting.sites.update"]}
[debug] [2022-02-15T02:15:02.244Z] >>> [apiv2][query] POST https://iam.googleapis.com/v1/projects/residentappv2-affc6/serviceAccounts/residentappv2-affc6@appspot.gserviceaccount.com:testIamPermissions [none]
[debug] [2022-02-15T02:15:02.244Z] >>> [apiv2][body] POST https://iam.googleapis.com/v1/projects/residentappv2-affc6/serviceAccounts/residentappv2-affc6@appspot.gserviceaccount.com:testIamPermissions {"permissions":["iam.serviceAccounts.actAs"]}
